<?xml version="1.0" encoding="UTF-8"?>
<testng-results skipped="0" failed="0" ignored="0" total="1" passed="1">
  <reporter-output>
  </reporter-output>
  <suite name="Suite" duration-ms="17294" started-at="2019-05-31T01:00:30Z" finished-at="2019-05-31T01:00:47Z">
    <groups>
    </groups>
    <test name="Test" duration-ms="17294" started-at="2019-05-31T01:00:30Z" finished-at="2019-05-31T01:00:47Z">
      <class name="com.testautomation.testRunner.TestRunner">
        <test-method status="PASS" signature="setUpClass()[pri:0, instance:com.testautomation.testRunner.TestRunner@5649fd9b]" name="setUpClass" is-config="true" duration-ms="83" started-at="2019-05-31T01:00:30Z" finished-at="2019-05-31T01:00:30Z">
          <reporter-output>
          </reporter-output>
        </test-method> <!-- setUpClass -->
        <test-method status="PASS" signature="feature(cucumber.api.testng.PickleEventWrapper, cucumber.api.testng.CucumberFeatureWrapper)[pri:0, instance:com.testautomation.testRunner.TestRunner@5649fd9b]" name="feature" duration-ms="17153" started-at="2019-05-31T01:00:30Z" data-provider="features" finished-at="2019-05-31T01:00:47Z">
          <params>
            <param index="0">
              <value>
                <![CDATA["Youtube Search possitive scenarios"]]>
              </value>
            </param>
            <param index="1">
              <value>
                <![CDATA["Youtube Search validations"]]>
              </value>
            </param>
          </params>
          <reporter-output>
          </reporter-output>
        </test-method> <!-- feature -->
        <test-method status="PASS" signature="tearDownClass()[pri:0, instance:com.testautomation.testRunner.TestRunner@5649fd9b]" name="tearDownClass" is-config="true" duration-ms="8" started-at="2019-05-31T01:00:47Z" finished-at="2019-05-31T01:00:47Z">
          <reporter-output>
          </reporter-output>
        </test-method> <!-- tearDownClass -->
      </class> <!-- com.testautomation.testRunner.TestRunner -->
    </test> <!-- Test -->
  </suite> <!-- Suite -->
</testng-results>
